[debug] [2019-06-01T16:48:54.640Z] ----------------------------------------------------------------------
[debug] [2019-06-01T16:48:54.642Z] Command:       C:\Program Files\nodejs\node.exe C:\Users\Matan\AppData\Roaming\npm\node_modules\firebase-tools\lib\bin\firebase.js serve
[debug] [2019-06-01T16:48:54.643Z] CLI Version:   6.10.0
[debug] [2019-06-01T16:48:54.643Z] Platform:      win32
[debug] [2019-06-01T16:48:54.643Z] Node Version:  v10.16.0
[debug] [2019-06-01T16:48:54.644Z] Time:          Sat Jun 01 2019 19:48:54 GMT+0300 (Israel Daylight Time)
[debug] [2019-06-01T16:48:54.644Z] ----------------------------------------------------------------------
[debug] 
[debug] [2019-06-01T16:48:54.652Z] > command requires scopes: ["email","openid","https://www.googleapis.com/auth/cloudplatformprojects.readonly","https://www.googleapis.com/auth/firebase","https://www.googleapis.com/auth/cloud-platform"]
[debug] [2019-06-01T16:48:54.652Z] > authorizing via signed-in user
[debug] [2019-06-01T16:48:54.653Z] [iam] checking project team1-social-geha for permissions ["firebase.projects.get"]
[debug] [2019-06-01T16:48:54.654Z] >>> HTTP REQUEST POST https://cloudresourcemanager.googleapis.com/v1/projects/team1-social-geha:testIamPermissions  

[debug] [2019-06-01T16:48:55.659Z] <<< HTTP RESPONSE 200
[debug] [2019-06-01T16:48:55.664Z] >>> HTTP REQUEST GET https://cloudresourcemanager.googleapis.com/v1/projects/team1-social-geha  
 
[debug] [2019-06-01T16:48:56.532Z] <<< HTTP RESPONSE 200
[info] 
[info] === Serving from 'C:\Users\Matan\team1-Social-Geha'...
[info] 
[warn] !  Your requested "node" version "8" doesn't match your global version "10"
[debug] [2019-06-01T16:48:56.552Z] >>> HTTP REQUEST GET https://mobilesdk-pa.googleapis.com/v1/projects/813662253318/clients/_:getWebAppConfig  
 
[debug] [2019-06-01T16:48:56.554Z] >>> HTTP REQUEST GET https://mobilesdk-pa.googleapis.com/v1/projects/813662253318:getServerAppConfig  
 
[debug] [2019-06-01T16:48:57.027Z] <<< HTTP RESPONSE 200
[info] +  functions: Emulator started at http://localhost:5001
[debug] [2019-06-01T16:48:57.087Z] <<< HTTP RESPONSE 200
[info] i  functions: Watching "C:\Users\Matan\team1-Social-Geha\functions" for Cloud Functions...
[info] i  hosting: Serving hosting files from: public
[info] +  hosting: Local server: http://localhost:5000
[debug] [2019-06-01T16:48:57.531Z] Functions runtime initialized.
[debug] [2019-06-01T16:48:57.532Z] Disabled runtime features: {"functions_config_helper":true,"network_filtering":true,"timeout":true,"memory_limiting":true,"protect_env":true,"admin_stubs":true}
[warn] !  Error: Cannot find module 'package.json'
    at Function.Module._resolveFilename (internal/modules/cjs/loader.js:636:15)
    at Function.Module._load (internal/modules/cjs/loader.js:562:25)
    at Module.require (internal/modules/cjs/loader.js:690:17)
    at require (internal/modules/cjs/helpers.js:25:18)
    at verifyDeveloperNodeModules (C:\Users\Matan\AppData\Roaming\npm\node_modules\firebase-tools\lib\emulator\functionsEmulatorRuntime.js:120:32)
    at C:\Users\Matan\AppData\Roaming\npm\node_modules\firebase-tools\lib\emulator\functionsEmulatorRuntime.js:435:26
    at Generator.next (<anonymous>)
    at C:\Users\Matan\AppData\Roaming\npm\node_modules\firebase-tools\lib\emulator\functionsEmulatorRuntime.js:7:71
    at new Promise (<anonymous>)
    at __awaiter (C:\Users\Matan\AppData\Roaming\npm\node_modules\firebase-tools\lib\emulator\functionsEmulatorRuntime.js:3:12)
[warn] !  Your function was killed because it raised an unhandled error.
